app/build/outputs/logs/manifest-merger-debug-report.txt
-- Merging decision tree log ---
manifest
ADDED from src/main/AndroidManifest.xml:2:1-31:12
INJECTED from src/main/AndroidManifest.xml:2:1-31:12
INJECTED from src/main/AndroidManifest.xml:2:1-31:12
INJECTED from src/main/AndroidManifest.xml:2:1-31:12
MERGED from [com.google.android.material:material:1.0.0] AndroidManifest.xml:17:1-24:12
MERGED from [androidx.appcompat:appcompat:1.0.2] AndroidManifest.xml:17:1-22:12
MERGED from [androidx.constraintlayout:constraintlayout:1.1.3] AndroidManifest.xml:2:1-11:12
MERGED from [com.google.firebase:firebase-core:17.0.0] AndroidManifest.xml:2:1-9:12
MERGED from [com.google.firebase:firebase-ml-vision:22.0.0] AndroidManifest.xml:2:1-8:12
MERGED from [com.google.firebase:firebase-ml-vision-image-label-model:18.0.0] AndroidManifest.xml:2:1-9:12
MERGED from [com.google.android.gms:play-services-auth-base:17.0.0] AndroidManifest.xml:2:1-7:12
MERGED from [com.google.android.gms:play-services-vision:18.0.0] AndroidManifest.xml:2:1-9:12
MERGED from [com.google.android.gms:play-services-vision-image-label:18.0.0] AndroidManifest.xml:2:1-9:12
MERGED from [com.google.android.gms:play-services-vision-common:18.0.0] AndroidManifest.xml:2:1-9:12
MERGED from [com.google.firebase:firebase-ml-common:20.0.1] AndroidManifest.xml:2:1-17:12
MERGED from [com.google.android.gms:play-services-clearcut:17.0.0] AndroidManifest.xml:17:1-24:12
MERGED from [com.google.android.gms:play-services-flags:17.0.0] AndroidManifest.xml:17:1-22:12
MERGED from [com.google.android.gms:play-services-phenotype:17.0.0] AndroidManifest.xml:17:1-24:12
MERGED from [com.google.firebase:firebase-analytics:17.0.0] AndroidManifest.xml:2:1-9:12
MERGED from [com.google.android.gms:play-services-measurement-api:17.0.0] AndroidManifest.xml:17:1-36:12
MERGED from [com.google.firebase:firebase-iid:19.0.0] AndroidManifest.xml:17:1-47:12
MERGED from [com.google.firebase:firebase-iid-interop:17.0.0] AndroidManifest.xml:2:1-10:12
MERGED from [com.google.android.gms:play-services-base:17.0.0] AndroidManifest.xml:17:1-29:12
MERGED from [com.google.firebase:firebase-common:18.0.0] AndroidManifest.xml:2:1-19:12
MERGED from [com.google.android.gms:play-services-tasks:17.0.0] AndroidManifest.xml:2:1-9:12
MERGED from [com.google.android.gms:play-services-measurement:17.0.0] AndroidManifest.xml:17:1-55:12
MERGED from [com.google.android.gms:play-services-measurement-sdk:17.0.0] AndroidManifest.xml:17:1-25:12
MERGED from [com.google.android.gms:play-services-measurement-impl:17.0.0] AndroidManifest.xml:17:1-40:12
MERGED from [com.google.android.gms:play-services-measurement-sdk-api:17.0.0] AndroidManifest.xml:17:1-40:12
MERGED from [com.google.android.gms:play-services-measurement-base:17.0.0] AndroidManifest.xml:2:1-9:12
MERGED from [com.google.android.gms:play-services-stats:17.0.0] AndroidManifest.xml:2:1-9:12
MERGED from [com.google.firebase:firebase-measurement-connector:18.0.0] AndroidManifest.xml:17:1-25:12
MERGED from [com.google.android.gms:play-services-ads-identifier:17.0.0] AndroidManifest.xml:17:1-24:12
MERGED from [com.google.android.gms:play-services-basement:17.0.0] AndroidManifest.xml:17:1-28:12
MERGED from [androidx.fragment:fragment:1.0.0] AndroidManifest.xml:17:1-22:12
MERGED from [androidx.vectordrawable:vectordrawable-animated:1.0.0] AndroidManifest.xml:17:1-22:12
MERGED from [androidx.recyclerview:recyclerview:1.0.0] AndroidManifest.xml:17:1-22:12
MERGED from [androidx.legacy:legacy-support-core-ui:1.0.0] AndroidManifest.xml:17:1-22:12
MERGED from [androidx.legacy:legacy-support-core-utils:1.0.0] AndroidManifest.xml:17:1-22:12
MERGED from [androidx.vectordrawable:vectordrawable:1.0.1] AndroidManifest.xml:17:1-22:12
MERGED from [androidx.transition:transition:1.0.0] AndroidManifest.xml:17:1-22:12
MERGED from [androidx.loader:loader:1.0.0] AndroidManifest.xml:17:1-22:12
MERGED from [androidx.viewpager:viewpager:1.0.0] AndroidManifest.xml:17:1-22:12
MERGED from [androidx.coordinatorlayout:coordinatorlayout:1.0.0] AndroidManifest.xml:17:1-22:12
MERGED from [androidx.drawerlayout:drawerlayout:1.0.0] AndroidManifest.xml:17:1-22:12
MERGED from [androidx.slidingpanelayout:slidingpanelayout:1.0.0] AndroidManifest.xml:17:1-22:12
MERGED from [androidx.customview:customview:1.0.0] AndroidManifest.xml:17:1-22:12
MERGED from [androidx.swiperefreshlayout:swiperefreshlayout:1.0.0] AndroidManifest.xml:17:1-22:12
MERGED from [androidx.asynclayoutinflater:asynclayoutinflater:1.0.0] AndroidManifest.xml:17:1-22:12
MERGED from [androidx.core:core:1.0.1] AndroidManifest.xml:17:1-24:12
MERGED from [androidx.versionedparcelable:versionedparcelable:1.0.0] AndroidManifest.xml:17:1-25:12
MERGED from [androidx.cursoradapter:cursoradapter:1.0.0] AndroidManifest.xml:17:1-22:12
MERGED from [androidx.cardview:cardview:1.0.0] AndroidManifest.xml:17:1-22:12
MERGED from [androidx.exifinterface:exifinterface:1.0.0] AndroidManifest.xml:17:1-22:12
MERGED from [androidx.lifecycle:lifecycle-runtime:2.0.0] AndroidManifest.xml:17:1-22:12
MERGED from [androidx.documentfile:documentfile:1.0.0] AndroidManifest.xml:17:1-22:12
MERGED from [androidx.localbroadcastmanager:localbroadcastmanager:1.0.0] AndroidManifest.xml:17:1-22:12
MERGED from [androidx.print:print:1.0.0] AndroidManifest.xml:17:1-22:12
MERGED from [androidx.lifecycle:lifecycle-viewmodel:2.0.0] AndroidManifest.xml:17:1-22:12
MERGED from [androidx.interpolator:interpolator:1.0.0] AndroidManifest.xml:17:1-22:12
MERGED from [androidx.lifecycle:lifecycle-livedata:2.0.0] AndroidManifest.xml:17:1-22:12
MERGED from [androidx.lifecycle:lifecycle-livedata-core:2.0.0] AndroidManifest.xml:17:1-22:12
MERGED from [androidx.arch.core:core-runtime:2.0.0] AndroidManifest.xml:17:1-22:12
INJECTED from src/main/AndroidManifest.xml:2:1-31:12
INJECTED from src/main/AndroidManifest.xml:2:1-31:12
INJECTED from src/main/AndroidManifest.xml:2:1-31:12
	package
		ADDED from src/main/AndroidManifest.xml:4:5-31
		INJECTED from src/main/AndroidManifest.xml
		INJECTED from src/main/AndroidManifest.xml
	android:versionName
		INJECTED from src/main/AndroidManifest.xml
		ADDED from src/main/AndroidManifest.xml:2:1-31:12
		INJECTED from src/main/AndroidManifest.xml
	xmlns:dist
		ADDED from src/main/AndroidManifest.xml:3:5-61
	android:versionCode
		INJECTED from src/main/AndroidManifest.xml
		ADDED from src/main/AndroidManifest.xml:2:1-31:12
		INJECTED from src/main/AndroidManifest.xml
	xmlns:android
		ADDED from src/main/AndroidManifest.xml:2:11-69
dist:module
ADDED from src/main/AndroidManifest.xml:6:5-40
	dist:instant
		ADDED from src/main/AndroidManifest.xml:6:18-37
uses-permission#android.permission.WRITE_EXTERNAL_STORAGE
ADDED from src/main/AndroidManifest.xml:7:5-81
	android:name
		ADDED from src/main/AndroidManifest.xml:7:22-78
application
ADDED from src/main/AndroidManifest.xml:9:5-29:19
MERGED from [com.google.android.material:material:1.0.0] AndroidManifest.xml:22:5-20
MERGED from [com.google.android.material:material:1.0.0] AndroidManifest.xml:22:5-20
MERGED from [androidx.constraintlayout:constraintlayout:1.1.3] AndroidManifest.xml:9:5-20
MERGED from [androidx.constraintlayout:constraintlayout:1.1.3] AndroidManifest.xml:9:5-20
MERGED from [com.google.firebase:firebase-core:17.0.0] AndroidManifest.xml:7:5-20
MERGED from [com.google.firebase:firebase-core:17.0.0] AndroidManifest.xml:7:5-20
MERGED from [com.google.firebase:firebase-ml-vision-image-label-model:18.0.0] AndroidManifest.xml:7:5-20
MERGED from [com.google.firebase:firebase-ml-vision-image-label-model:18.0.0] AndroidManifest.xml:7:5-20
MERGED from [com.google.android.gms:play-services-vision:18.0.0] AndroidManifest.xml:7:5-20
MERGED from [com.google.android.gms:play-services-vision:18.0.0] AndroidManifest.xml:7:5-20
MERGED from [com.google.android.gms:play-services-vision-image-label:18.0.0] AndroidManifest.xml:7:5-20
MERGED from [com.google.android.gms:play-services-vision-image-label:18.0.0] AndroidManifest.xml:7:5-20
MERGED from [com.google.android.gms:play-services-vision-common:18.0.0] AndroidManifest.xml:7:5-20
MERGED from [com.google.android.gms:play-services-vision-common:18.0.0] AndroidManifest.xml:7:5-20
MERGED from [com.google.firebase:firebase-ml-common:20.0.1] AndroidManifest.xml:7:5-15:19
MERGED from [com.google.firebase:firebase-ml-common:20.0.1] AndroidManifest.xml:7:5-15:19
MERGED from [com.google.android.gms:play-services-clearcut:17.0.0] AndroidManifest.xml:22:5-20
MERGED from [com.google.android.gms:play-services-clearcut:17.0.0] AndroidManifest.xml:22:5-20
MERGED from [com.google.android.gms:play-services-phenotype:17.0.0] AndroidManifest.xml:22:5-20
MERGED from [com.google.android.gms:play-services-phenotype:17.0.0] AndroidManifest.xml:22:5-20
MERGED from [com.google.firebase:firebase-analytics:17.0.0] AndroidManifest.xml:7:5-20
MERGED from [com.google.firebase:firebase-analytics:17.0.0] AndroidManifest.xml:7:5-20
MERGED from [com.google.android.gms:play-services-measurement-api:17.0.0] AndroidManifest.xml:26:5-34:19
MERGED from [com.google.android.gms:play-services-measurement-api:17.0.0] AndroidManifest.xml:26:5-34:19
MERGED from [com.google.firebase:firebase-iid:19.0.0] AndroidManifest.xml:28:5-45:19
MERGED from [com.google.firebase:firebase-iid:19.0.0] AndroidManifest.xml:28:5-45:19
MERGED from [com.google.firebase:firebase-iid-interop:17.0.0] AndroidManifest.xml:7:5-8:19
MERGED from [com.google.firebase:firebase-iid-interop:17.0.0] AndroidManifest.xml:7:5-8:19
MERGED from [com.google.android.gms:play-services-base:17.0.0] AndroidManifest.xml:22:5-27:19
MERGED from [com.google.android.gms:play-services-base:17.0.0] AndroidManifest.xml:22:5-27:19
MERGED from [com.google.firebase:firebase-common:18.0.0] AndroidManifest.xml:11:5-17:19
MERGED from [com.google.firebase:firebase-common:18.0.0] AndroidManifest.xml:11:5-17:19
MERGED from [com.google.android.gms:play-services-tasks:17.0.0] AndroidManifest.xml:7:5-20
MERGED from [com.google.android.gms:play-services-tasks:17.0.0] AndroidManifest.xml:7:5-20
MERGED from [com.google.android.gms:play-services-measurement:17.0.0] AndroidManifest.xml:28:5-53:19
MERGED from [com.google.android.gms:play-services-measurement:17.0.0] AndroidManifest.xml:28:5-53:19
MERGED from [com.google.android.gms:play-services-measurement-sdk:17.0.0] AndroidManifest.xml:22:5-23:19
MERGED from [com.google.android.gms:play-services-measurement-sdk:17.0.0] AndroidManifest.xml:22:5-23:19
MERGED from [com.google.android.gms:play-services-measurement-impl:17.0.0] AndroidManifest.xml:28:5-38:19
MERGED from [com.google.android.gms:play-services-measurement-impl:17.0.0] AndroidManifest.xml:28:5-38:19
MERGED from [com.google.android.gms:play-services-measurement-sdk-api:17.0.0] AndroidManifest.xml:28:5-38:19
MERGED from [com.google.android.gms:play-services-measurement-sdk-api:17.0.0] AndroidManifest.xml:28:5-38:19
MERGED from [com.google.android.gms:play-services-measurement-base:17.0.0] AndroidManifest.xml:7:5-20
MERGED from [com.google.android.gms:play-services-measurement-base:17.0.0] AndroidManifest.xml:7:5-20
MERGED from [com.google.android.gms:play-services-stats:17.0.0] AndroidManifest.xml:7:5-20
MERGED from [com.google.android.gms:play-services-stats:17.0.0] AndroidManifest.xml:7:5-20
MERGED from [com.google.firebase:firebase-measurement-connector:18.0.0] AndroidManifest.xml:22:5-23:19
MERGED from [com.google.firebase:firebase-measurement-connector:18.0.0] AndroidManifest.xml:22:5-23:19
MERGED from [com.google.android.gms:play-services-ads-identifier:17.0.0] AndroidManifest.xml:22:5-20
MERGED from [com.google.android.gms:play-services-ads-identifier:17.0.0] AndroidManifest.xml:22:5-20
MERGED from [com.google.android.gms:play-services-basement:17.0.0] AndroidManifest.xml:22:5-26:19
MERGED from [com.google.android.gms:play-services-basement:17.0.0] AndroidManifest.xml:22:5-26:19
MERGED from [androidx.core:core:1.0.1] AndroidManifest.xml:22:5-89
MERGED from [androidx.core:core:1.0.1] AndroidManifest.xml:22:5-89
MERGED from [androidx.versionedparcelable:versionedparcelable:1.0.0] AndroidManifest.xml:22:5-23:19
MERGED from [androidx.versionedparcelable:versionedparcelable:1.0.0] AndroidManifest.xml:22:5-23:19
	android:appComponentFactory
		ADDED from [androidx.core:core:1.0.1] AndroidManifest.xml:22:18-86
	android:supportsRtl
		ADDED from src/main/AndroidManifest.xml:14:9-35
	android:label
		ADDED from src/main/AndroidManifest.xml:12:9-41
	android:roundIcon
		ADDED from src/main/AndroidManifest.xml:13:9-54
	android:icon
		ADDED from src/main/AndroidManifest.xml:11:9-43
	android:allowBackup
		ADDED from src/main/AndroidManifest.xml:10:9-35
	android:theme
		ADDED from src/main/AndroidManifest.xml:15:9-40
activity#com.rekam.exalty.MainActivity
ADDED from src/main/AndroidManifest.xml:16:9-25:20
	android:label
		ADDED from src/main/AndroidManifest.xml:18:13-45
	android:theme
		ADDED from src/main/AndroidManifest.xml:19:13-56
	android:name
		ADDED from src/main/AndroidManifest.xml:17:13-41
intent-filter#action:name:android.intent.action.MAIN+category:name:android.intent.category.LAUNCHER
ADDED from src/main/AndroidManifest.xml:20:13-24:29
action#android.intent.action.MAIN
ADDED from src/main/AndroidManifest.xml:21:17-69
	android:name
		ADDED from src/main/AndroidManifest.xml:21:25-66
category#android.intent.category.LAUNCHER
ADDED from src/main/AndroidManifest.xml:23:17-77
	android:name
		ADDED from src/main/AndroidManifest.xml:23:27-74
meta-data#com.google.firebase.ml.vision.DEPENDENCIES
ADDED from src/main/AndroidManifest.xml:26:9-28:37
	android:value
		ADDED from src/main/AndroidManifest.xml:28:13-34
	android:name
		ADDED from src/main/AndroidManifest.xml:27:13-70
uses-sdk
INJECTED from src/main/AndroidManifest.xml reason: use-sdk injection requested
INJECTED from src/main/AndroidManifest.xml
INJECTED from src/main/AndroidManifest.xml
MERGED from [com.google.android.material:material:1.0.0] AndroidManifest.xml:20:5-44
MERGED from [com.google.android.material:material:1.0.0] AndroidManifest.xml:20:5-44
MERGED from [androidx.appcompat:appcompat:1.0.2] AndroidManifest.xml:20:5-44
MERGED from [androidx.appcompat:appcompat:1.0.2] AndroidManifest.xml:20:5-44
MERGED from [androidx.constraintlayout:constraintlayout:1.1.3] AndroidManifest.xml:5:5-7:41
MERGED from [androidx.constraintlayout:constraintlayout:1.1.3] AndroidManifest.xml:5:5-7:41
MERGED from [com.google.firebase:firebase-core:17.0.0] AndroidManifest.xml:5:5-44
MERGED from [com.google.firebase:firebase-core:17.0.0] AndroidManifest.xml:5:5-44
MERGED from [com.google.firebase:firebase-ml-vision:22.0.0] AndroidManifest.xml:6:5-44
MERGED from [com.google.firebase:firebase-ml-vision:22.0.0] AndroidManifest.xml:6:5-44
MERGED from [com.google.firebase:firebase-ml-vision-image-label-model:18.0.0] AndroidManifest.xml:5:5-44
MERGED from [com.google.firebase:firebase-ml-vision-image-label-model:18.0.0] AndroidManifest.xml:5:5-44
MERGED from [com.google.android.gms:play-services-auth-base:17.0.0] AndroidManifest.xml:5:5-44
MERGED from [com.google.android.gms:play-services-auth-base:17.0.0] AndroidManifest.xml:5:5-44
MERGED from [com.google.android.gms:play-services-vision:18.0.0] AndroidManifest.xml:5:5-44
MERGED from [com.google.android.gms:play-services-vision:18.0.0] AndroidManifest.xml:5:5-44
MERGED from [com.google.android.gms:play-services-vision-image-label:18.0.0] AndroidManifest.xml:5:5-44
MERGED from [com.google.android.gms:play-services-vision-image-label:18.0.0] AndroidManifest.xml:5:5-44
MERGED from [com.google.android.gms:play-services-vision-common:18.0.0] AndroidManifest.xml:5:5-44
MERGED from [com.google.android.gms:play-services-vision-common:18.0.0] AndroidManifest.xml:5:5-44
MERGED from [com.google.firebase:firebase-ml-common:20.0.1] AndroidManifest.xml:5:5-44
MERGED from [com.google.firebase:firebase-ml-common:20.0.1] AndroidManifest.xml:5:5-44
MERGED from [com.google.android.gms:play-services-clearcut:17.0.0] AndroidManifest.xml:20:5-44
MERGED from [com.google.android.gms:play-services-clearcut:17.0.0] AndroidManifest.xml:20:5-44
MERGED from [com.google.android.gms:play-services-flags:17.0.0] AndroidManifest.xml:20:5-44
MERGED from [com.google.android.gms:play-services-flags:17.0.0] AndroidManifest.xml:20:5-44
MERGED from [com.google.android.gms:play-services-phenotype:17.0.0] AndroidManifest.xml:20:5-44
MERGED from [com.google.android.gms:play-services-phenotype:17.0.0] AndroidManifest.xml:20:5-44
MERGED from [com.google.firebase:firebase-analytics:17.0.0] AndroidManifest.xml:5:5-44
MERGED from [com.google.firebase:firebase-analytics:17.0.0] AndroidManifest.xml:5:5-44
MERGED from [com.google.android.gms:play-services-measurement-api:17.0.0] AndroidManifest.xml:20:5-44
MERGED from [com.google.android.gms:play-services-measurement-api:17.0.0] AndroidManifest.xml:20:5-44
MERGED from [com.google.firebase:firebase-iid:19.0.0] AndroidManifest.xml:20:5-44
MERGED from [com.google.firebase:firebase-iid:19.0.0] AndroidManifest.xml:20:5-44
MERGED from [com.google.firebase:firebase-iid-interop:17.0.0] AndroidManifest.xml:5:5-44
MERGED from [com.google.firebase:firebase-iid-interop:17.0.0] AndroidManifest.xml:5:5-44
MERGED from [com.google.android.gms:play-services-base:17.0.0] AndroidManifest.xml:20:5-44
MERGED from [com.google.android.gms:play-services-base:17.0.0] AndroidManifest.xml:20:5-44
MERGED from [com.google.firebase:firebase-common:18.0.0] AndroidManifest.xml:6:5-8:41
MERGED from [com.google.firebase:firebase-common:18.0.0] AndroidManifest.xml:6:5-8:41
MERGED from [com.google.android.gms:play-services-tasks:17.0.0] AndroidManifest.xml:5:5-44
MERGED from [com.google.android.gms:play-services-tasks:17.0.0] AndroidManifest.xml:5:5-44
MERGED from [com.google.android.gms:play-services-measurement:17.0.0] AndroidManifest.xml:20:5-44
MERGED from [com.google.android.gms:play-services-measurement:17.0.0] AndroidManifest.xml:20:5-44
MERGED from [com.google.android.gms:play-services-measurement-sdk:17.0.0] AndroidManifest.xml:20:5-44
MERGED from [com.google.android.gms:play-services-measurement-sdk:17.0.0] AndroidManifest.xml:20:5-44
MERGED from [com.google.android.gms:play-services-measurement-impl:17.0.0] AndroidManifest.xml:20:5-44
MERGED from [com.google.android.gms:play-services-measurement-impl:17.0.0] AndroidManifest.xml:20:5-44
MERGED from [com.google.android.gms:play-services-measurement-sdk-api:17.0.0] AndroidManifest.xml:20:5-44
MERGED from [com.google.android.gms:play-services-measurement-sdk-api:17.0.0] AndroidManifest.xml:20:5-44
MERGED from [com.google.android.gms:play-services-measurement-base:17.0.0] AndroidManifest.xml:5:5-44
MERGED from [com.google.android.gms:play-services-measurement-base:17.0.0] AndroidManifest.xml:5:5-44
MERGED from [com.google.android.gms:play-services-stats:17.0.0] AndroidManifest.xml:5:5-44
MERGED from [com.google.android.gms:play-services-stats:17.0.0] AndroidManifest.xml:5:5-44
MERGED from [com.google.firebase:firebase-measurement-connector:18.0.0] AndroidManifest.xml:20:5-44
MERGED from [com.google.firebase:firebase-measurement-connector:18.0.0] AndroidManifest.xml:20:5-44
MERGED from [com.google.android.gms:play-services-ads-identifier:17.0.0] AndroidManifest.xml:20:5-44
MERGED from [com.google.android.gms:play-services-ads-identifier:17.0.0] AndroidManifest.xml:20:5-44
MERGED from [com.google.android.gms:play-services-basement:17.0.0] AndroidManifest.xml:20:5-44
MERGED from [com.google.android.gms:play-services-basement:17.0.0] AndroidManifest.xml:20:5-44
MERGED from [androidx.fragment:fragment:1.0.0] AndroidManifest.xml:20:5-44
MERGED from [androidx.fragment:fragment:1.0.0] AndroidManifest.xml:20:5-44
MERGED from [androidx.vectordrawable:vectordrawable-animated:1.0.0] AndroidManifest.xml:20:5-44
MERGED from [androidx.vectordrawable:vectordrawable-animated:1.0.0] AndroidManifest.xml:20:5-44
MERGED from [androidx.recyclerview:recyclerview:1.0.0] AndroidManifest.xml:20:5-44
MERGED from [androidx.recyclerview:recyclerview:1.0.0] AndroidManifest.xml:20:5-44
MERGED from [androidx.legacy:legacy-support-core-ui:1.0.0] AndroidManifest.xml:20:5-44
MERGED from [androidx.legacy:legacy-support-core-ui:1.0.0] AndroidManifest.xml:20:5-44
MERGED from [androidx.legacy:legacy-support-core-utils:1.0.0] AndroidManifest.xml:20:5-44
MERGED from [androidx.legacy:legacy-support-core-utils:1.0.0] AndroidManifest.xml:20:5-44
MERGED from [androidx.vectordrawable:vectordrawable:1.0.1] AndroidManifest.xml:20:5-44
MERGED from [androidx.vectordrawable:vectordrawable:1.0.1] AndroidManifest.xml:20:5-44
MERGED from [androidx.transition:transition:1.0.0] AndroidManifest.xml:20:5-44
MERGED from [androidx.transition:transition:1.0.0] AndroidManifest.xml:20:5-44
MERGED from [androidx.loader:loader:1.0.0] AndroidManifest.xml:20:5-44
MERGED from [androidx.loader:loader:1.0.0] AndroidManifest.xml:20:5-44
MERGED from [androidx.viewpager:viewpager:1.0.0] AndroidManifest.xml:20:5-44
MERGED from [androidx.viewpager:viewpager:1.0.0] AndroidManifest.xml:20:5-44
MERGED from [androidx.coordinatorlayout:coordinatorlayout:1.0.0] AndroidManifest.xml:20:5-44
MERGED from [androidx.coordinatorlayout:coordinatorlayout:1.0.0] AndroidManifest.xml:20:5-44
MERGED from [androidx.drawerlayout:drawerlayout:1.0.0] AndroidManifest.xml:20:5-44
MERGED from [androidx.drawerlayout:drawerlayout:1.0.0] AndroidManifest.xml:20:5-44
MERGED from [androidx.slidingpanelayout:slidingpanelayout:1.0.0] AndroidManifest.xml:20:5-44
MERGED from [androidx.slidingpanelayout:slidingpanelayout:1.0.0] AndroidManifest.xml:20:5-44
MERGED from [androidx.customview:customview:1.0.0] AndroidManifest.xml:20:5-44
MERGED from [androidx.customview:customview:1.0.0] AndroidManifest.xml:20:5-44
MERGED from [androidx.swiperefreshlayout:swiperefreshlayout:1.0.0] AndroidManifest.xml:20:5-44
MERGED from [androidx.swiperefreshlayout:swiperefreshlayout:1.0.0] AndroidManifest.xml:20:5-44
MERGED from [androidx.asynclayoutinflater:asynclayoutinflater:1.0.0] AndroidManifest.xml:20:5-44
MERGED from [androidx.asynclayoutinflater:asynclayoutinflater:1.0.0] AndroidManifest.xml:20:5-44
MERGED from [androidx.core:core:1.0.1] AndroidManifest.xml:20:5-44
MERGED from [androidx.core:core:1.0.1] AndroidManifest.xml:20:5-44
MERGED from [androidx.versionedparcelable:versionedparcelable:1.0.0] AndroidManifest.xml:20:5-44
MERGED from [androidx.versionedparcelable:versionedparcelable:1.0.0] AndroidManifest.xml:20:5-44
MERGED from [androidx.cursoradapter:cursoradapter:1.0.0] AndroidManifest.xml:20:5-44
MERGED from [androidx.cursoradapter:cursoradapter:1.0.0] AndroidManifest.xml:20:5-44
MERGED from [androidx.cardview:cardview:1.0.0] AndroidManifest.xml:20:5-44
MERGED from [androidx.cardview:cardview:1.0.0] AndroidManifest.xml:20:5-44
MERGED from [androidx.exifinterface:exifinterface:1.0.0] AndroidManifest.xml:20:5-44
MERGED from [androidx.exifinterface:exifinterface:1.0.0] AndroidManifest.xml:20:5-44
MERGED from [androidx.lifecycle:lifecycle-runtime:2.0.0] AndroidManifest.xml:20:5-44
MERGED from [androidx.lifecycle:lifecycle-runtime:2.0.0] AndroidManifest.xml:20:5-44
MERGED from [androidx.documentfile:documentfile:1.0.0] AndroidManifest.xml:20:5-44
MERGED from [androidx.documentfile:documentfile:1.0.0] AndroidManifest.xml:20:5-44
MERGED from [androidx.localbroadcastmanager:localbroadcastmanager:1.0.0] AndroidManifest.xml:20:5-44
MERGED from [androidx.localbroadcastmanager:localbroadcastmanager:1.0.0] AndroidManifest.xml:20:5-44
MERGED from [androidx.print:print:1.0.0] AndroidManifest.xml:20:5-44
MERGED from [androidx.print:print:1.0.0] AndroidManifest.xml:20:5-44
MERGED from [androidx.lifecycle:lifecycle-viewmodel:2.0.0] AndroidManifest.xml:20:5-44
MERGED from [androidx.lifecycle:lifecycle-viewmodel:2.0.0] AndroidManifest.xml:20:5-44
MERGED from [androidx.interpolator:interpolator:1.0.0] AndroidManifest.xml:20:5-44
MERGED from [androidx.interpolator:interpolator:1.0.0] AndroidManifest.xml:20:5-44
MERGED from [androidx.lifecycle:lifecycle-livedata:2.0.0] AndroidManifest.xml:20:5-44
MERGED from [androidx.lifecycle:lifecycle-livedata:2.0.0] AndroidManifest.xml:20:5-44
MERGED from [androidx.lifecycle:lifecycle-livedata-core:2.0.0] AndroidManifest.xml:20:5-44
MERGED from [androidx.lifecycle:lifecycle-livedata-core:2.0.0] AndroidManifest.xml:20:5-44
MERGED from [androidx.arch.core:core-runtime:2.0.0] AndroidManifest.xml:20:5-44
MERGED from [androidx.arch.core:core-runtime:2.0.0] AndroidManifest.xml:20:5-44
INJECTED from src/main/AndroidManifest.xml
INJECTED from src/main/AndroidManifest.xml
	android:targetSdkVersion
		INJECTED from src/main/AndroidManifest.xml
		ADDED from src/main/AndroidManifest.xml
		INJECTED from src/main/AndroidManifest.xml
	android:minSdkVersion
		INJECTED from src/main/AndroidManifest.xml
		ADDED from src/main/AndroidManifest.xml
		INJECTED from src/main/AndroidManifest.xml
service#com.google.firebase.components.ComponentDiscoveryService
ADDED from [com.google.firebase:firebase-ml-common:20.0.1] AndroidManifest.xml:8:9-14:19
MERGED from [com.google.android.gms:play-services-measurement-api:17.0.0] AndroidManifest.xml:27:9-33:19
MERGED from [com.google.android.gms:play-services-measurement-api:17.0.0] AndroidManifest.xml:27:9-33:19
MERGED from [com.google.firebase:firebase-iid:19.0.0] AndroidManifest.xml:29:9-35:19
MERGED from [com.google.firebase:firebase-iid:19.0.0] AndroidManifest.xml:29:9-35:19
	android:exported
		ADDED from [com.google.firebase:firebase-ml-common:20.0.1] AndroidManifest.xml:10:13-37
	android:name
		ADDED from [com.google.firebase:firebase-ml-common:20.0.1] AndroidManifest.xml:9:13-84
meta-data#com.google.firebase.components:com.google.firebase.ml.common.internal.CommonComponentRegistrar
ADDED from [com.google.firebase:firebase-ml-common:20.0.1] AndroidManifest.xml:11:13-13:85
	android:value
		ADDED from [com.google.firebase:firebase-ml-common:20.0.1] AndroidManifest.xml:13:17-82
	android:name
		ADDED from [com.google.firebase:firebase-ml-common:20.0.1] AndroidManifest.xml:12:17-126
uses-permission#android.permission.INTERNET
ADDED from [com.google.android.gms:play-services-measurement-api:17.0.0] AndroidManifest.xml:22:5-67
MERGED from [com.google.firebase:firebase-iid:19.0.0] AndroidManifest.xml:23:5-67
MERGED from [com.google.firebase:firebase-iid:19.0.0] AndroidManifest.xml:23:5-67
MERGED from [com.google.android.gms:play-services-measurement:17.0.0] AndroidManifest.xml:23:5-67
MERGED from [com.google.android.gms:play-services-measurement:17.0.0] AndroidManifest.xml:23:5-67
MERGED from [com.google.android.gms:play-services-measurement-impl:17.0.0] AndroidManifest.xml:23:5-67
MERGED from [com.google.android.gms:play-services-measurement-impl:17.0.0] AndroidManifest.xml:23:5-67
MERGED from [com.google.android.gms:play-services-measurement-sdk-api:17.0.0] AndroidManifest.xml:23:5-67
MERGED from [com.google.android.gms:play-services-measurement-sdk-api:17.0.0] AndroidManifest.xml:23:5-67
	android:name
		ADDED from [com.google.android.gms:play-services-measurement-api:17.0.0] AndroidManifest.xml:22:22-64
uses-permission#android.permission.ACCESS_NETWORK_STATE
ADDED from [com.google.android.gms:play-services-measurement-api:17.0.0] AndroidManifest.xml:23:5-79
MERGED from [com.google.firebase:firebase-iid:19.0.0] AndroidManifest.xml:22:5-79
MERGED from [com.google.firebase:firebase-iid:19.0.0] AndroidManifest.xml:22:5-79
MERGED from [com.google.android.gms:play-services-measurement:17.0.0] AndroidManifest.xml:24:5-79
MERGED from [com.google.android.gms:play-services-measurement:17.0.0] AndroidManifest.xml:24:5-79
MERGED from [com.google.android.gms:play-services-measurement-impl:17.0.0] AndroidManifest.xml:24:5-79
MERGED from [com.google.android.gms:play-services-measurement-impl:17.0.0] AndroidManifest.xml:24:5-79
MERGED from [com.google.android.gms:play-services-measurement-sdk-api:17.0.0] AndroidManifest.xml:24:5-79
MERGED from [com.google.android.gms:play-services-measurement-sdk-api:17.0.0] AndroidManifest.xml:24:5-79
	android:name
		ADDED from [com.google.android.gms:play-services-measurement-api:17.0.0] AndroidManifest.xml:23:22-76
uses-permission#android.permission.WAKE_LOCK
ADDED from [com.google.android.gms:play-services-measurement-api:17.0.0] AndroidManifest.xml:24:5-68
MERGED from [com.google.firebase:firebase-iid:19.0.0] AndroidManifest.xml:24:5-68
MERGED from [com.google.firebase:firebase-iid:19.0.0] AndroidManifest.xml:24:5-68
MERGED from [com.google.android.gms:play-services-measurement:17.0.0] AndroidManifest.xml:25:5-68
MERGED from [com.google.android.gms:play-services-measurement:17.0.0] AndroidManifest.xml:25:5-68
MERGED from [com.google.android.gms:play-services-measurement-impl:17.0.0] AndroidManifest.xml:25:5-68
MERGED from [com.google.android.gms:play-services-measurement-impl:17.0.0] AndroidManifest.xml:25:5-68
MERGED from [com.google.android.gms:play-services-measurement-sdk-api:17.0.0] AndroidManifest.xml:25:5-68
MERGED from [com.google.android.gms:play-services-measurement-sdk-api:17.0.0] AndroidManifest.xml:25:5-68
	android:name
		ADDED from [com.google.android.gms:play-services-measurement-api:17.0.0] AndroidManifest.xml:24:22-65
meta-data#com.google.firebase.components:com.google.firebase.analytics.connector.internal.AnalyticsConnectorRegistrar
ADDED from [com.google.android.gms:play-services-measurement-api:17.0.0] AndroidManifest.xml:30:13-32:85
	android:value
		ADDED from [com.google.android.gms:play-services-measurement-api:17.0.0] AndroidManifest.xml:32:17-82
	android:name
		ADDED from [com.google.android.gms:play-services-measurement-api:17.0.0] AndroidManifest.xml:31:17-139
uses-permission#com.google.android.c2dm.permission.RECEIVE
ADDED from [com.google.firebase:firebase-iid:19.0.0] AndroidManifest.xml:26:5-82
	android:name
		ADDED from [com.google.firebase:firebase-iid:19.0.0] AndroidManifest.xml:26:22-79
meta-data#com.google.firebase.components:com.google.firebase.iid.Registrar
ADDED from [com.google.firebase:firebase-iid:19.0.0] AndroidManifest.xml:32:13-34:85
	android:value
		ADDED from [com.google.firebase:firebase-iid:19.0.0] AndroidManifest.xml:34:17-82
	android:name